[debug] [2022-06-01T16:41:27.810Z] ----------------------------------------------------------------------
[debug] [2022-06-01T16:41:27.812Z] Command:       C:\Program Files\nodejs\node.exe C:\Users\nishanth.elangovan\AppData\Roaming\npm\node_modules\firebase-tools\lib\bin\firebase.js init hosting
[debug] [2022-06-01T16:41:27.813Z] CLI Version:   11.0.1
[debug] [2022-06-01T16:41:27.813Z] Platform:      win32
[debug] [2022-06-01T16:41:27.813Z] Node Version:  v16.14.2
[debug] [2022-06-01T16:41:27.816Z] Time:          Wed Jun 01 2022 22:11:27 GMT+0530 (India Standard Time)
[debug] [2022-06-01T16:41:27.816Z] ----------------------------------------------------------------------
[debug] 
[debug] [2022-06-01T16:41:27.890Z] > command requires scopes: ["email","openid","https://www.googleapis.com/auth/cloudplatformprojects.readonly","https://www.googleapis.com/auth/firebase","https://www.googleapis.com/auth/cloud-platform"]
[debug] [2022-06-01T16:41:27.890Z] > authorizing via signed-in user (nishanthelangovv@gmail.com)
[info] 
     ######## #### ########  ######## ########     ###     ######  ########
     ##        ##  ##     ## ##       ##     ##  ##   ##  ##       ##
     ######    ##  ########  ######   ########  #########  ######  ######
     ##        ##  ##    ##  ##       ##     ## ##     ##       ## ##
     ##       #### ##     ## ######## ########  ##     ##  ######  ########

You're about to initialize a Firebase project in this directory:

  C:\Users\nishanth.elangovan\HSA\Frontend

Before we get started, keep in mind:

  * You are initializing within an existing Firebase project directory

[info] 
=== Project Setup
[info] 
[info] First, let's associate this project directory with a Firebase project.
[info] You can create multiple project aliases by running firebase use --add, 
[info] but for now we'll just set up a default project.
[info] 
[debug] [2022-06-01T16:41:31.319Z] Using project from CLI flag: trb-mohan
[debug] [2022-06-01T16:41:31.323Z] >>> [apiv2][query] GET https://firebase.googleapis.com/v1beta1/projects/trb-mohan [none]
[debug] [2022-06-01T16:41:32.258Z] <<< [apiv2][status] GET https://firebase.googleapis.com/v1beta1/projects/trb-mohan 200
[debug] [2022-06-01T16:41:32.258Z] <<< [apiv2][body] GET https://firebase.googleapis.com/v1beta1/projects/trb-mohan {"projectId":"trb-mohan","projectNumber":"354338835431","displayName":"TRB-Mohan","name":"projects/trb-mohan","resources":{"hostingSite":"trb-mohan"},"state":"ACTIVE"}
[info] i  Using project trb-mohan (TRB-Mohan) 
[info] 
=== Hosting Setup
[info] 
[info] Your public directory is the folder (relative to your project directory) that
[info] will contain Hosting assets to be uploaded with firebase deploy. If you
[info] have a build process for your assets, use your build's output directory.
[info] 
